2018-06-26 14:11:14,506 INFO c.b.MySpringBootDemo [restartedMain] Starting MySpringBootDemo on liujie-PC with PID 9388 (started by liujie in F:\svn\对账系统\代码\ImPrjMgr)
2018-06-26 14:11:14,527 DEBUG c.b.MySpringBootDemo [restartedMain] Running with Spring Boot v1.5.2.RELEASE, Spring v4.3.7.RELEASE
2018-06-26 14:11:14,527 INFO c.b.MySpringBootDemo [restartedMain] No active profile set, falling back to default profiles: default
2018-06-26 14:11:20,096 INFO c.b.MySpringBootDemo [restartedMain] Started MySpringBootDemo in 5.957 seconds (JVM running for 8.885)
2018-06-26 14:13:23,877 DEBUG c.b.m.P.getProjectInfoById [http-nio-8080-exec-1] ==>  Preparing: select proId,proName,proType,estTime,createTime,createUserId,impUserId,saleUserId,customer,proStatus from imp_project where proId=? 
2018-06-26 14:13:23,895 DEBUG c.b.m.P.getProjectInfoById [http-nio-8080-exec-1] ==> Parameters: f4f8c5b0-b048-4c63-a8a4-6f7f0279d717(String)
2018-06-26 14:13:23,907 DEBUG c.b.m.P.getProjectInfoById [http-nio-8080-exec-1] <==      Total: 1
2018-06-26 14:13:24,104 DEBUG c.b.u.JSONHelper [http-nio-8080-exec-1] 序列化后的JSON资料输出:
{"flag":true}
2018-06-26 14:13:29,105 DEBUG c.b.m.P.getProjectInfoById [http-nio-8080-exec-2] ==>  Preparing: select proId,proName,proType,estTime,createTime,createUserId,impUserId,saleUserId,customer,proStatus from imp_project where proId=? 
2018-06-26 14:13:29,109 DEBUG c.b.m.P.getProjectInfoById [http-nio-8080-exec-2] ==> Parameters: f4f8c5b0-b048-4c63-a8a4-6f7f0279d717(String)
2018-06-26 14:13:29,115 DEBUG c.b.m.P.getProjectInfoById [http-nio-8080-exec-2] <==      Total: 1
2018-06-26 14:13:29,116 DEBUG c.b.u.JSONHelper [http-nio-8080-exec-2] 序列化后的JSON资料输出:
{"flag":true}
2018-06-26 14:13:48,718 DEBUG c.b.u.JSONHelper [http-nio-8080-exec-3] 序列化后的JSON资料输出:
{"flag":true,"result":[]}
2018-06-26 14:16:28,623 DEBUG c.b.u.JSONHelper [http-nio-8080-exec-4] 序列化后的JSON资料输出:
{"flag":true,"result":[{"iA_User":[{"mc":"田亚欣","qc_task_id":"5ffd346a-5f69-4e60-9e71-b350e66c09df","qc_user_id":"094845293529479814","uid":"0406bb92-64f9-4b89-8ed1-4f9047a7d225","user_Task_status":"0"},{"mc":"蒲欣","qc_task_id":"5ffd346a-5f69-4e60-9e71-b350e66c09df","qc_user_id":"09501030441080497","uid":"0bc062a1-2ffb-4915-8e7b-005572419991","user_Task_status":"0"},{"mc":"刘波","qc_task_id":"5ffd346a-5f69-4e60-9e71-b350e66c09df","qc_user_id":"1434215813679370","uid":"22501814-aa89-4f43-8a4a-076e0b06cda8","user_Task_status":"0"},{"mc":"曹东","qc_task_id":"5ffd346a-5f69-4e60-9e71-b350e66c09df","qc_user_id":"0425166655837187","uid":"a7a9e5e4-1505-47c0-b297-68dd50b11d99","user_Task_status":"0"},{"mc":"张志辉","qc_task_id":"5ffd346a-5f69-4e60-9e71-b350e66c09df","qc_user_id":"051743235024199602","uid":"b89629ce-8a8a-401a-9de1-4803b7424295","user_Task_status":"0"},{"mc":"张洁","qc_task_id":"5ffd346a-5f69-4e60-9e71-b350e66c09df","qc_user_id":"24095434782817","uid":"49f1056b-ca39-427c-aff2-973274587169","user_Task_status":"0"}],"id":"5ffd346a-5f69-4e60-9e71-b350e66c09df","projectId":"f4f8c5b0-b048-4c63-a8a4-6f7f0279d717","remark":"asdasd","taskDate":"2018-06-25 ","taskName":"测试任务","task_status":"0"}]}
2018-06-26 14:16:57,811 DEBUG c.b.u.JSONHelper [http-nio-8080-exec-5] 序列化后的JSON资料输出:
{"flag":true,"result":[{"iA_User":[{"mc":"田亚欣","qc_task_id":"5ffd346a-5f69-4e60-9e71-b350e66c09df","qc_user_id":"094845293529479814","uid":"0406bb92-64f9-4b89-8ed1-4f9047a7d225","user_Task_status":"0"},{"mc":"蒲欣","qc_task_id":"5ffd346a-5f69-4e60-9e71-b350e66c09df","qc_user_id":"09501030441080497","uid":"0bc062a1-2ffb-4915-8e7b-005572419991","user_Task_status":"0"},{"mc":"刘波","qc_task_id":"5ffd346a-5f69-4e60-9e71-b350e66c09df","qc_user_id":"1434215813679370","uid":"22501814-aa89-4f43-8a4a-076e0b06cda8","user_Task_status":"0"},{"mc":"曹东","qc_task_id":"5ffd346a-5f69-4e60-9e71-b350e66c09df","qc_user_id":"0425166655837187","uid":"a7a9e5e4-1505-47c0-b297-68dd50b11d99","user_Task_status":"0"},{"mc":"张志辉","qc_task_id":"5ffd346a-5f69-4e60-9e71-b350e66c09df","qc_user_id":"051743235024199602","uid":"b89629ce-8a8a-401a-9de1-4803b7424295","user_Task_status":"0"},{"mc":"张洁","qc_task_id":"5ffd346a-5f69-4e60-9e71-b350e66c09df","qc_user_id":"24095434782817","uid":"49f1056b-ca39-427c-aff2-973274587169","user_Task_status":"0"}],"id":"5ffd346a-5f69-4e60-9e71-b350e66c09df","projectId":"f4f8c5b0-b048-4c63-a8a4-6f7f0279d717","remark":"asdasd","taskDate":"2018-06-25 ","taskName":"测试任务","task_status":"0"}]}
